<?xml version="1.0" encoding="UTF-8"?>
<!-- Generated by org.testng.reporters.JUnitReportReporter -->
<testsuite hostname="Anushruti" failures="0" tests="1" name="objectmodels.Stepdefinationclass" time="8.501" errors="0" timestamp="2025-02-14T15:29:27 IST" skipped="0">
  <testcase classname="objectmodels.Stepdefinationclass" name="runner" time="8.501"/>
</testsuite> <!-- objectmodels.Stepdefinationclass -->
