<?xml version="1.0" encoding="UTF-8"?>
<!-- Generated by org.testng.reporters.JUnitReportReporter -->
<testsuite hostname="Anushruti" failures="0" tests="1" name="runnerscripts.Testrunner" time="101.457" errors="0" timestamp="2025-02-17T09:10:02 IST" skipped="0">
  <testcase classname="runnerscripts.Testrunner" name="runScenario" time="101.457"/>
</testsuite> <!-- runnerscripts.Testrunner -->
